[INFO]  JReleaser 1.13.1
------------------------------------------------------------
jreleaser 1.13.1
------------------------------------------------------------
Build time:   2024-06-30 12:32:42Z
Revision:     5542956c0a386c559a22840e3d323d6b59ab9f65
JVM:          11.0.24 (Eclipse Adoptium 11.0.24+8)
------------------------------------------------------------
[INFO]  Configuring with jreleaser.yml
[INFO]    - basedir set to /home/runner/work/kicad-library/kicad-library
[INFO]    - outputdir set to /home/runner/work/kicad-library/kicad-library/out/jreleaser
[INFO]  Reading configuration
[DEBUG]   - basedir set to /home/runner/work/kicad-library/kicad-library
[DEBUG]   - baseOutputDirectory set to /home/runner/work/kicad-library/kicad-library/out
[DEBUG]   - outputDirectory set to /home/runner/work/kicad-library/kicad-library/out/jreleaser
[DEBUG]   - checksumDirectory set to /home/runner/work/kicad-library/kicad-library/out/jreleaser/checksums
[DEBUG]   - catalogsDirectory set to /home/runner/work/kicad-library/kicad-library/out/jreleaser/catalogs
[DEBUG]   - signaturesDirectory set to /home/runner/work/kicad-library/kicad-library/out/jreleaser/signatures
[DEBUG]   - prepareDirectory set to /home/runner/work/kicad-library/kicad-library/out/jreleaser/prepare
[DEBUG]   - packageDirectory set to /home/runner/work/kicad-library/kicad-library/out/jreleaser/package
[DEBUG]   - downloadDirectory set to /home/runner/work/kicad-library/kicad-library/out/jreleaser/download
[DEBUG]   - assembleDirectory set to /home/runner/work/kicad-library/kicad-library/out/jreleaser/assemble
[DEBUG]   - artifactsDirectory set to /home/runner/work/kicad-library/kicad-library/out/jreleaser/artifacts
[DEBUG]   - deployDirectory set to /home/runner/work/kicad-library/kicad-library/out/jreleaser/deploy
[INFO]  git-root-search set to false
[INFO]  Loading variables from /home/runner/.jreleaser/config.properties
[WARN]  Variables source /home/runner/.jreleaser/config.properties does not exist
[DEBUG] The following variables are defined in the current environment:
[DEBUG]   JRELEASER_GITHUB_TOKEN
[DEBUG]   JRELEASER_PROJECT_VERSION
[INFO]  Validating configuration
[INFO]  Strict mode set to false
[DEBUG] adjusting distributions with assemblies
[DEBUG]   [validation] --== ASSEMBLE ==--
[DEBUG]   [validation] hooks
[DEBUG]   [validation] hooks.command
[DEBUG]   [validation] - disabled
[DEBUG]   [validation] hooks.script
[DEBUG]   [validation] - disabled
[DEBUG]   [validation] - disabled
[DEBUG]   [validation] project
[DEBUG]   [validation] download
[DEBUG]   [validation] catalog.swid
[DEBUG]   [validation] catalog.swid.swid-tag
[DEBUG]   [validation] assemble
[DEBUG]   [validation] - disabled
[DEBUG]   [validation] signing
[DEBUG]   [validation] - disabled
[DEBUG]   [validation] release
[DEBUG]   [validation] release.github
[DEBUG]   [validation] checksum
[DEBUG]   [validation] deploy
[DEBUG]   [validation] deploy.maven
[DEBUG]   [validation] upload
[DEBUG]   [validation] distributions
[DEBUG]   [validation] catalog
[DEBUG]   [validation] catalog.sbom
[DEBUG]   [validation] catalog.sbom.cyclonedx
[DEBUG]   [validation] - disabled
[DEBUG]   [validation] catalog.sbom.syft
[DEBUG]   [validation] - disabled
[DEBUG]   [validation] catalog.github
[DEBUG]   [validation] - disabled
[DEBUG]   [validation] catalog.slsa
[DEBUG]   [validation] - disabled
[DEBUG]   [validation] announce
[DEBUG]   [validation] - disabled
[DEBUG]   [postvalidation] project
[DEBUG]   [postvalidation] assemble
[DEBUG]   [postvalidation] assemble.jpackage
[DEBUG]   [resolution] assemble
[DEBUG]   [validation] --== FULL ==--
[DEBUG]   [validation] hooks
[DEBUG]   [validation] hooks.command
[DEBUG]   [validation] hooks.script
[DEBUG]   [validation] project
[DEBUG]   [validation] download
[DEBUG]   [validation] - disabled
[DEBUG]   [validation] catalog.swid
[DEBUG]   [validation] catalog.swid.swid-tag
[DEBUG]   [validation] assemble
[DEBUG]   [validation] signing
[DEBUG]   [validation] - disabled
[DEBUG]   [validation] release
[DEBUG]   [validation] release.github
[DEBUG]   [validation] checksum
[DEBUG]   [validation] deploy
[DEBUG]   [validation] deploy.maven
[DEBUG]   [validation] - disabled
[DEBUG]   [validation] - disabled
[DEBUG]   [validation] upload
[DEBUG]   [validation] - disabled
[DEBUG]   [validation] packagers
[DEBUG]   [validation] distributions
[DEBUG]   [validation] distribution.helloworld
[DEBUG]   [validation] distribution.helloworld.appImage
[DEBUG]   [validation] - disabled
[DEBUG]   [validation] distribution.helloworld.asdf
[DEBUG]   [validation] - disabled
[DEBUG]   [validation] distribution.helloworld.brew
[DEBUG]   [validation] - disabled
[DEBUG]   [validation] distribution.helloworld.chocolatey
[DEBUG]   [validation] - disabled
[DEBUG]   [validation] distribution.helloworld.docker
[DEBUG]   [validation] - disabled
[DEBUG]   [validation] distribution.helloworld.flatpak
[DEBUG]   [validation] - disabled
[DEBUG]   [validation] distribution.helloworld.gofish
[DEBUG]   [validation] - disabled
[DEBUG]   [validation] distribution.helloworld.jbang
[DEBUG]   [validation] - disabled
[DEBUG]   [validation] distribution.helloworld.jib
[DEBUG]   [validation] - disabled
[DEBUG]   [validation] distribution.helloworld.macports
[DEBUG]   [validation] - disabled
[DEBUG]   [validation] distribution.helloworld.scoop
[DEBUG]   [validation] - disabled
[DEBUG]   [validation] distribution.helloworld.sdkman
[DEBUG]   [validation] - disabled
[DEBUG]   [validation] distribution.helloworld.snap
[DEBUG]   [validation] - disabled
[DEBUG]   [validation] distribution.helloworld.spec
[DEBUG]   [validation] - disabled
[DEBUG]   [validation] distribution.helloworld.winget
[DEBUG]   [validation] - disabled
[DEBUG]   [validation] files
[DEBUG]   [validation] catalog
[DEBUG]   [validation] catalog.sbom
[DEBUG]   [validation] catalog.sbom.cyclonedx
[DEBUG]   [validation] - disabled
[DEBUG]   [validation] catalog.sbom.syft
[DEBUG]   [validation] - disabled
[DEBUG]   [validation] - disabled
[DEBUG]   [validation] catalog.github
[DEBUG]   [validation] - disabled
[DEBUG]   [validation] catalog.slsa
[DEBUG]   [validation] - disabled
[DEBUG]   [validation] - disabled
[DEBUG]   [validation] announce
[DEBUG]   [validation] announce.article
[DEBUG]   [validation] - disabled
[DEBUG]   [validation] announce.bluesky
[DEBUG]   [validation] - disabled
[DEBUG]   [validation] announce.discussions
[DEBUG]   [validation] - disabled
[DEBUG]   [validation] announce.discord
[DEBUG]   [validation] - disabled
[DEBUG]   [validation] announce.discourse
[DEBUG]   [validation] - disabled
[DEBUG]   [validation] announce.gitter
[DEBUG]   [validation] - disabled
[DEBUG]   [validation] announce.googleChat
[DEBUG]   [validation] - disabled
[DEBUG]   [validation] announce.linkedin
[DEBUG]   [validation] - disabled
[DEBUG]   [validation] announce.http
[DEBUG]   [validation] - disabled
[DEBUG]   [validation] announce.smtp
[DEBUG]   [validation] - disabled
[DEBUG]   [validation] announce.mastodon
[DEBUG]   [validation] - disabled
[DEBUG]   [validation] announce.mattermost
[DEBUG]   [validation] - disabled
[DEBUG]   [validation] announce.openCollective
[DEBUG]   [validation] - disabled
[DEBUG]   [validation] announce.sdkman
[DEBUG]   [validation] - disabled
[DEBUG]   [validation] announce.slack
[DEBUG]   [validation] - disabled
[DEBUG]   [validation] announce.teams
[DEBUG]   [validation] - disabled
[DEBUG]   [validation] announce.telegram
[DEBUG]   [validation] - disabled
[DEBUG]   [validation] announce.twitter
[DEBUG]   [validation] - disabled
[DEBUG]   [validation] announce.webhooks
[DEBUG]   [validation] - disabled
[DEBUG]   [validation] announce.zulip
[DEBUG]   [validation] - disabled
[DEBUG]   [validation] - disabled
[DEBUG]   [postvalidation] project
[DEBUG]   [postvalidation] assemble
[DEBUG]   [postvalidation] assemble.jpackage
[DEBUG]   [postvalidation] distributions
[DEBUG]   [postvalidation] distribution.helloworld
environment:
 
hooks:
    enabled: false
    active: NEVER
    command:
        enabled: false
        active: NEVER
    script:
        enabled: false
        active: NEVER
 
project:
    name: kicad-library
    version: 0.0.1
    versionPattern: SEMVER
    snapshot:
        enabled: false
        pattern: .*-SNAPSHOT
        label: early-access
        fullChangelog: false
    description: A library for KiCad
    longDescription: A library for KiCad
    license: CC0-1.0
    inceptionYear: 2024
    copyright: 2024 Luro02
    authors:
        Luro02
    stereotype: NONE
    links:
        homepage: https://github.com/Luro02/kicad-library
        documentation: https://github.com/Luro02/kicad-library
        license: https://spdx.org/licenses/CC0-1.0.html
        bugTracker: https://{{repoHost}}/{{repoOwner}}/{{repoName}}/issues
        vcsBrowser: https://{{repoHost}}/{{repoOwner}}/{{repoName}}
    extraProperties:
        versionMajor: 0
        versionMinor: 0
        versionPatch: 1
        versionNumber: 0.0.1
        versionWithUnderscores: 0_0_1
        versionWithDashes: 0-0-1
        versionNumberWithUnderscores: 0_0_1
        versionNumberWithDashes: 0-0-1
        effectiveVersionWithUnderscores: 0_0_1
        effectiveVersionWithDashes: 0-0-1
 
platform:
 
release:
    github:
        enabled: true
        host: github.com
        owner: Luro02
        name: kicad-library
        username: Luro02
        token: ************
        artifacts: true
        files: true
        checksums: false
        catalogs: true
        signatures: false
        repoUrl: https://{{repoHost}}/{{repoOwner}}/{{repoName}}
        repoCloneUrl: https://{{repoHost}}/{{repoOwner}}/{{repoName}}.git
        commitUrl: https://{{repoHost}}/{{repoOwner}}/{{repoName}}/commits
        srcUrl: https://{{repoHost}}/{{repoOwner}}/{{repoName}}/blob/{{repoBranch}}
        downloadUrl: https://{{repoHost}}/{{repoOwner}}/{{repoName}}/releases/download/{{tagName}}/{{artifactFile}}
        releaseNotesUrl: https://{{repoHost}}/{{repoOwner}}/{{repoName}}/releases/tag/{{tagName}}
        latestReleaseUrl: https://{{repoHost}}/{{repoOwner}}/{{repoName}}/releases/latest
        issueTrackerUrl: https://{{repoHost}}/{{repoOwner}}/{{repoName}}/issues
        tagName: v{{projectVersion}}
        releaseName: {{tagName}}
        branch: main
        branchPush: main
        commitAuthor:
            name: jreleaserbot
            email: jreleaser@kordamp.org
        sign: false
        skipTag: false
        skipRelease: false
        overwrite: true
        update:
            enabled: false
        apiEndpoint: https://api.github.com
        connectTimeout: 20
        readTimeout: 60
        changelog:
            enabled: true
            append:
                enabled: false
            links: false
            skipMergeCommits: true
            sort: DESC
            formatted: ALWAYS
            preset: conventional-commits
            format: - {{commitShortHash}} {{commitTitle}}
            categoryTitleFormat: ## {{categoryTitle}}
            contributorsTitleFormat: ## Contributors
            content: 
## Changelog

{{changelogChanges}}
    {{changelogContributors}}
            hide:
            contributors:
                enabled: false
            categories:
                category 0:
                    key: merge
                    title: 🔀 Merge
                    labels:
                        merge
                    order: 0
                category 1:
                    key: features
                    title: 🚀 Features
                    labels:
                        feat
                    order: 10
                category 2:
                    key: fixes
                    title: 🐛 Fixes
                    labels:
                        fix
                    order: 20
                category 3:
                    key: changes
                    title: 🔄️ Changes
                    labels:
                        revert
                        style
                        perf
                        refactor
                    order: 30
                category 4:
                    key: test
                    title: 🧪 Tests
                    labels:
                        test
                    order: 35
                category 5:
                    key: tasks
                    title: 🧰 Tasks
                    labels:
                        chore
                    order: 40
                category 6:
                    key: build
                    title: 🛠  Build
                    labels:
                        test
                        build
                        ci
                    order: 50
                category 7:
                    key: docs
                    title: 📝 Documentation
                    labels:
                        docs
                    order: 60
            labelers:
                labeler 0:
                    label: merge
                    title: Merge pull
                    order: 0
                labeler 1:
                    label: merge
                    title: Merge branch
                    order: 5
                labeler 2:
                    label: build
                    title: regex:^(?:build(?:\(.*\))?!?):\s.*
                    order: 10
                labeler 3:
                    label: chore
                    title: regex:^(?:chore(?:\(.*\))?!?):\s.*
                    order: 20
                labeler 4:
                    label: ci
                    title: regex:^(?:ci(?:\(.*\))?!?):\s.*
                    order: 30
                labeler 5:
                    label: docs
                    title: regex:^(?:docs(?:\(.*\))?!?):\s.*
                    order: 40
                labeler 6:
                    label: feat
                    title: regex:^(?:feat(?:\(.*\))?!?):\s.*
                    order: 50
                labeler 7:
                    label: fix
                    title: regex:^(?:fix(?:\(.*\))?!?):\s.*
                    order: 60
                labeler 8:
                    label: perf
                    title: regex:^(?:perf(?:\(.*\))?!?):\s.*
                    order: 70
                labeler 9:
                    label: refactor
                    title: regex:^(?:refactor(?:\(.*\))?!?):\s.*
                    order: 80
                labeler 10:
                    label: revert
                    title: regex:^(?:revert(?:\(.*\))?!?):\s.*
                    order: 90
                labeler 11:
                    label: style
                    title: regex:^(?:style(?:\(.*\))?!?):\s.*
                    order: 100
                labeler 12:
                    label: test
                    title: regex:^(?:test(?:\(.*\))?!?):\s.*
                    order: 110
        milestone:
            name: {{tagName}}
            close: true
        issues:
            enabled: false
            comment: 🎉 This issue has been resolved in `{{tagName}}` ([Release Notes]({{releaseNotesUrl}}))
            label:
                name: released
                color: #FF0000
                description: Issue has been released
        prerelease:
            enabled: false
        draft: false
        releaseNotes:
            enabled: false
 
checksum:
    name: checksums.txt
    individual: false
    algorithms:
        SHA_256
    artifacts: true
    files: true
 
signing:
    enabled: false
    active: NEVER
    armored: false
    verify: true
    artifacts: true
    files: true
    checksums: true
    catalogs: true
    passphrase: **unset**
    publicKey: **unset**
    secretKey: **unset**
 
announce:
    enabled: false
    active: NEVER
    article:
        enabled: false
        active: NEVER
        commitAuthor:
        repository:
            enabled: false
            name: article
            token: **unset**
    bluesky:
        enabled: false
        active: NEVER
        handle: **unset**
        password: **unset**
    discord:
        enabled: false
        active: NEVER
        webhook: **unset**
    discourse:
        enabled: false
        active: NEVER
        apiKey: **unset**
        username: **unset**
    discussions:
        enabled: false
        active: NEVER
    gitter:
        enabled: false
        active: NEVER
        webhook: **unset**
    googlechat:
        enabled: false
        active: NEVER
        webhook: **unset**
    linkedin:
        enabled: false
        active: NEVER
        owner: **unset**
        accessToken: **unset**
    smtp:
        enabled: false
        active: NEVER
        auth: false
        password: **unset**
    mastodon:
        enabled: false
        active: NEVER
        accessToken: **unset**
    mattermost:
        enabled: false
        active: NEVER
        webhook: **unset**
        structuredMessage: true
    opencollective:
        enabled: false
        active: NEVER
        token: **unset**
    sdkman:
        enabled: false
        consumerKey: **unset**
        consumerToken: **unset**
    slack:
        enabled: false
        active: NEVER
        webhook: **unset**
        token: **unset**
    teams:
        enabled: false
        active: NEVER
        webhook: **unset**
    telegram:
        enabled: false
        active: NEVER
        token: **unset**
        chatId: **unset**
    twitter:
        enabled: false
        active: NEVER
        consumerKey: **unset**
        consumerSecret: **unset**
        accessToken: **unset**
        accessTokenSecret: **unset**
    zulip:
        enabled: false
        active: NEVER
        apiKey: **unset**
 
packagers:
    appimage:
        enabled: false
        active: NEVER
        continueOnError: false
        commitAuthor:
            name: jreleaserbot
            email: jreleaser@kordamp.org
        developerName: Luro02
        requiresTerminal: false
        repository:
            enabled: false
            owner: Luro02
            name: appimage
            tagName: v{{projectVersion}}
            branch: HEAD
            branchPush: HEAD
            username: Luro02
            token: ************
    asdf:
        enabled: false
        active: NEVER
        continueOnError: false
        commitAuthor:
            name: jreleaserbot
            email: jreleaser@kordamp.org
        repository:
            enabled: false
            owner: Luro02
            name: asdf
            tagName: v{{projectVersion}}
            branch: HEAD
            branchPush: HEAD
            username: Luro02
            token: ************
    brew:
        enabled: false
        active: NEVER
        continueOnError: false
        commitAuthor:
            name: jreleaserbot
            email: jreleaser@kordamp.org
        multiPlatform: false
        repository:
            enabled: false
            owner: Luro02
            name: homebrew-tap
            tagName: v{{projectVersion}}
            branch: HEAD
            branchPush: HEAD
            username: Luro02
            token: ************
        cask:
            enabled: false
    chocolatey:
        enabled: false
        active: NEVER
        continueOnError: false
        commitAuthor:
            name: jreleaserbot
            email: jreleaser@kordamp.org
        apiKey: **unset**
        remoteBuild: false
        repository:
            enabled: false
            owner: Luro02
            name: chocolatey-bucket
            tagName: v{{projectVersion}}
            branch: HEAD
            branchPush: HEAD
            username: Luro02
            token: ************
    docker:
        enabled: false
        active: NEVER
        useLocalArtifact: true
        buildx:
            enabled: false
            createBuilder: true
        commitAuthor:
            name: jreleaserbot
            email: jreleaser@kordamp.org
        repository:
            enabled: false
            owner: Luro02
            name: docker
            tagName: v{{projectVersion}}
            branch: HEAD
            branchPush: HEAD
            username: Luro02
            token: ************
            versionedSubfolders: false
        continueOnError: false
    flatpak:
        enabled: false
        active: NEVER
        continueOnError: false
        commitAuthor:
            name: jreleaserbot
            email: jreleaser@kordamp.org
        developerName: Luro02
        repository:
            enabled: false
            owner: Luro02
            name: flatpak
            tagName: v{{projectVersion}}
            branch: HEAD
            branchPush: HEAD
            username: Luro02
            token: ************
    gofish:
        enabled: false
        active: NEVER
        continueOnError: false
        commitAuthor:
            name: jreleaserbot
            email: jreleaser@kordamp.org
        repository:
            enabled: false
            owner: Luro02
            name: Luro02-fish-food
            tagName: v{{projectVersion}}
            branch: HEAD
            branchPush: HEAD
            username: Luro02
            token: ************
    jbang:
        enabled: false
        active: NEVER
        continueOnError: false
        commitAuthor:
            name: jreleaserbot
            email: jreleaser@kordamp.org
        repository:
            enabled: false
            owner: Luro02
            name: jbang-catalog
            tagName: v{{projectVersion}}
            branch: HEAD
            branchPush: HEAD
            username: Luro02
            token: ************
    jib:
        enabled: false
        active: NEVER
        commitAuthor:
            name: jreleaserbot
            email: jreleaser@kordamp.org
        repository:
            enabled: false
            owner: Luro02
            name: jib
            tagName: v{{projectVersion}}
            branch: HEAD
            branchPush: HEAD
            username: Luro02
            token: ************
            versionedSubfolders: false
        continueOnError: false
    macports:
        enabled: false
        active: NEVER
        continueOnError: false
        commitAuthor:
            name: jreleaserbot
            email: jreleaser@kordamp.org
        repository:
            enabled: false
            owner: Luro02
            name: macports
            tagName: v{{projectVersion}}
            branch: HEAD
            branchPush: HEAD
            username: Luro02
            token: ************
    scoop:
        enabled: false
        active: NEVER
        continueOnError: false
        commitAuthor:
            name: jreleaserbot
            email: jreleaser@kordamp.org
        repository:
            enabled: false
            owner: Luro02
            name: scoop-Luro02
            tagName: v{{projectVersion}}
            branch: HEAD
            branchPush: HEAD
            username: Luro02
            token: ************
    sdkman:
        enabled: false
        continueOnError: false
        connectTimeout: 20
        readTimeout: 60
        consumerKey: **unset**
        consumerToken: **unset**
    snap:
        enabled: false
        active: NEVER
        continueOnError: false
        commitAuthor:
            name: jreleaserbot
            email: jreleaser@kordamp.org
        base: core20
        grade: stable
        confinement: strict
        remoteBuild: false
        repository:
            enabled: false
            owner: Luro02
            name: snap
            tagName: v{{projectVersion}}
            branch: HEAD
            branchPush: HEAD
            username: Luro02
            token: ************
    spec:
        enabled: false
        active: NEVER
        continueOnError: false
        commitAuthor:
            name: jreleaserbot
            email: jreleaser@kordamp.org
        repository:
            enabled: false
            owner: Luro02
            name: Luro02-spec
            tagName: v{{projectVersion}}
            branch: HEAD
            branchPush: HEAD
            username: Luro02
            token: ************
    winget:
        enabled: false
        active: NEVER
        continueOnError: false
        commitAuthor:
            name: jreleaserbot
            email: jreleaser@kordamp.org
        package:
        publisher:
        installer:
            type: WIX
            scope: MACHINE
            upgradeBehavior: INSTALL
            dependencies:
        repository:
            enabled: false
            owner: Luro02
            name: winget
            tagName: v{{projectVersion}}
            branch: HEAD
            branchPush: HEAD
            username: Luro02
            token: ************
 
download:
    enabled: false
    active: NEVER
 
assemble:
    enabled: false
    active: NEVER
 
deploy:
    enabled: false
    active: NEVER
    maven:
        enabled: false
        active: NEVER
        pomchecker:
            version: 1.11.0
            failOnWarning: true
            failOnError: true
 
upload:
    enabled: false
    active: NEVER
 
catalog:
    enabled: false
    active: NEVER
    github:
        enabled: false
        active: NEVER
        artifacts: true
        files: true
        deployables: true
    sbom:
        enabled: false
        active: NEVER
        cyclonedx:
            enabled: false
            active: NEVER
            distributions: false
            files: false
            pack:
                enabled: false
        syft:
            enabled: false
            active: NEVER
            distributions: false
            files: false
            pack:
                enabled: false
    slsa:
        enabled: false
        active: NEVER
        artifacts: true
        files: true
        deployables: true
    swid:
        enabled: false
        active: NEVER
        name: swid-tag
        path: SWIDTAG
        tagId: 3c10caf4-380a-317b-b5a6-8becb9036e27
        tagVersion: 1
        lang: en-US
        corpus: false
        patch: false
        entities:
            entity 0:
                name: kicad-library
                regid: https://github.com/Luro02/kicad-library
                roles:
                    softwareCreator
                    tagCreator
 
distributions:
    helloworld:
        enabled: true
        active: ALWAYS
        type: BINARY
        executable:
            name: helloworld
            windowsExtension: bat
        platform:
        artifacts:
            artifact 0:
                enabled: true
                active: ALWAYS
                path: build/package.zip
        stereotype: NONE
        appimage:
            enabled: false
            active: NEVER
            continueOnError: false
            commitAuthor:
            requiresTerminal: false
            repository:
                enabled: false
                name: appimage
                token: **unset**
        asdf:
            enabled: false
            active: NEVER
            continueOnError: false
            commitAuthor:
            repository:
                enabled: false
                name: asdf
                token: **unset**
        brew:
            enabled: false
            active: NEVER
            continueOnError: false
            commitAuthor:
            multiPlatform: false
            repository:
                enabled: false
                name: homebrew-tap
                token: **unset**
            cask:
                enabled: false
        chocolatey:
            enabled: false
            active: NEVER
            continueOnError: false
            commitAuthor:
            apiKey: **unset**
            remoteBuild: false
            repository:
                enabled: false
                name: chocolatey-bucket
                token: **unset**
        docker:
            enabled: false
            active: NEVER
            useLocalArtifact: true
            buildx:
                enabled: false
                createBuilder: true
            commitAuthor:
            repository:
                enabled: false
                name: docker
                token: **unset**
                versionedSubfolders: false
            continueOnError: false
        flatpak:
            enabled: false
            active: NEVER
            continueOnError: false
            commitAuthor:
            repository:
                enabled: false
                name: flatpak
                token: **unset**
        gofish:
            enabled: false
            active: NEVER
            continueOnError: false
            commitAuthor:
            repository:
                enabled: false
                name: fish-food
                token: **unset**
        jbang:
            enabled: false
            active: NEVER
            continueOnError: false
            commitAuthor:
            repository:
                enabled: false
                name: jbang-catalog
                token: **unset**
        jib:
            enabled: false
            active: NEVER
            commitAuthor:
            repository:
                enabled: false
                name: jib
                token: **unset**
                versionedSubfolders: false
            continueOnError: false
        macports:
            enabled: false
            active: NEVER
            continueOnError: false
            commitAuthor:
            repository:
                enabled: false
                name: macports
                token: **unset**
        scoop:
            enabled: false
            active: NEVER
            continueOnError: false
            commitAuthor:
            repository:
                enabled: false
                name: scoop
                token: **unset**
        sdkman:
            enabled: false
            continueOnError: false
            connectTimeout: 0
            readTimeout: 0
            consumerKey: **unset**
            consumerToken: **unset**
        snap:
            enabled: false
            active: NEVER
            continueOnError: false
            commitAuthor:
            base: core20
            grade: stable
            confinement: strict
            remoteBuild: false
            repository:
                enabled: false
                name: snap
                token: **unset**
        spec:
            enabled: false
            active: NEVER
            continueOnError: false
            commitAuthor:
            repository:
                enabled: false
                name: spec
                token: **unset**
        winget:
            enabled: false
            active: NEVER
            continueOnError: false
            commitAuthor:
            package:
            publisher:
            installer:
                type: WIX
                scope: MACHINE
                upgradeBehavior: INSTALL
                dependencies:
            repository:
                enabled: false
                name: winget
                token: **unset**
 
[INFO]  Project version set to 0.0.1
[INFO]  Release is not snapshot
[INFO]  Timestamp is 2024-08-25T08:59:28.549782Z
[INFO]  HEAD is at 6818f63
[INFO]  Platform is linux-x86_64
[DEBUG] loading extension default-jreleaser-mustache:jreleaser.shadow.org.jreleaser.extensions.internal.mustache.DefaultMustacheExtension
[DEBUG] adding jreleaser.shadow.org.jreleaser.extensions.internal.mustache.DefaultMustacheExtensionPoint from default-jreleaser-mustache extension
[INFO]  dry-run set to false
[INFO]  Generating changelog
[DEBUG] resolving commits
[WARN]  Generating a changelog from a shallow copy may cause a failure
[DEBUG] looking for tag that matches 'v0.0.1'
[DEBUG] looking for tags that match 'v.*', excluding 'v0.0.1'
[DEBUG] sorting commits DESC
[INFO]  Storing changelog: out/jreleaser/release/CHANGELOG.md
[DEBUG] ## Changelog

- 6818f63 try out jreleaser
[INFO]  Calculating checksums for distributions and files
[DEBUG]   [checksum] checksum does not exist: out/jreleaser/checksums/helloworld/package.zip.sha256
[INFO]    [checksum] build/package.zip.sha256
[DEBUG]   [checksum] reading out/jreleaser/checksums/helloworld/package.zip.sha256
[INFO]  Cataloging artifacts
[INFO]    Cataloging is not enabled. Skipping
[INFO]  Signing distributions and files
[INFO]    [sign] Signing is not enabled. Skipping
[INFO]  Deploying Maven artifacts
[INFO]    [maven] Deploying is not enabled. Skipping
[INFO]  Uploading distributions and files
[INFO]    [upload] Uploading is not enabled. Skipping
[INFO]  Releasing to https://github.com/Luro02/kicad-library@main
[DEBUG] fetching all branches on Luro02/kicad-library
[DEBUG] looking up release with tag v0.0.1 at repository Luro02/kicad-library
[DEBUG] fetching release on Luro02/kicad-library with tag v0.0.1
[DEBUG] release v0.0.1 does not exist
[DEBUG] creating release v0.0.1
[DEBUG] tagging local repository with v0.0.1
[DEBUG] creating release on Luro02/kicad-library with tag v0.0.1
[INFO]   - uploading package.zip
[DEBUG] url: https://uploads.github.com/repos/Luro02/kicad-library/releases/171824364/assets?name=package.zip
[DEBUG] opening connection
[DEBUG] configuring connection
[DEBUG] Accept: [application/vnd.github+json]
[DEBUG] User-Agent: [JReleaser/1.13.1]
[DEBUG] X-GitHub-Api-Version: [2022-11-28]
[DEBUG] Content-Type: [application/zip]
[DEBUG] sending data
[DEBUG] handling response
[DEBUG] lookup open milestone 'v0.0.1' on Luro02/kicad-library
[DEBUG] fetching all milestones on Luro02/kicad-library with status open
[DEBUG] checking if release Luro02/kicad-library@v0.0.1 was left as draft
[DEBUG] fetching release on Luro02/kicad-library with id 171824364
[INFO]  Preparing distributions
[INFO]    - Preparing helloworld distribution
[DEBUG]     [appimage] skipping for helloworld distribution
[DEBUG]     [asdf] skipping for helloworld distribution
[DEBUG]     [brew] skipping for helloworld distribution
[DEBUG]     [chocolatey] skipping for helloworld distribution
[DEBUG]     [docker] skipping for helloworld distribution
[DEBUG]     [flatpak] skipping for helloworld distribution
[DEBUG]     [gofish] skipping for helloworld distribution
[DEBUG]     [jbang] skipping for helloworld distribution
[DEBUG]     [jib] skipping for helloworld distribution
[DEBUG]     [macports] skipping for helloworld distribution
[DEBUG]     [scoop] skipping for helloworld distribution
[DEBUG]     [sdkman] skipping for helloworld distribution
[DEBUG]     [snap] skipping for helloworld distribution
[DEBUG]     [spec] skipping for helloworld distribution
[DEBUG]     [winget] skipping for helloworld distribution
[INFO]  Packaging distributions
[INFO]    - Packaging helloworld distribution
[DEBUG]     [appimage] skipping for helloworld distribution
[DEBUG]     [asdf] skipping for helloworld distribution
[DEBUG]     [brew] skipping for helloworld distribution
[DEBUG]     [chocolatey] skipping for helloworld distribution
[DEBUG]     [docker] skipping for helloworld distribution
[DEBUG]     [flatpak] skipping for helloworld distribution
[DEBUG]     [gofish] skipping for helloworld distribution
[DEBUG]     [jbang] skipping for helloworld distribution
[DEBUG]     [jib] skipping for helloworld distribution
[DEBUG]     [macports] skipping for helloworld distribution
[DEBUG]     [scoop] skipping for helloworld distribution
[DEBUG]     [sdkman] skipping for helloworld distribution
[DEBUG]     [snap] skipping for helloworld distribution
[DEBUG]     [spec] skipping for helloworld distribution
[DEBUG]     [winget] skipping for helloworld distribution
[INFO]  Publishing distributions
[INFO]    - Publishing helloworld distribution
[DEBUG]     [appimage] skipping for helloworld distribution
[DEBUG]     [asdf] skipping for helloworld distribution
[DEBUG]     [brew] skipping for helloworld distribution
[DEBUG]     [chocolatey] skipping for helloworld distribution
[DEBUG]     [docker] skipping for helloworld distribution
[DEBUG]     [flatpak] skipping for helloworld distribution
[DEBUG]     [gofish] skipping for helloworld distribution
[DEBUG]     [jbang] skipping for helloworld distribution
[DEBUG]     [jib] skipping for helloworld distribution
[DEBUG]     [macports] skipping for helloworld distribution
[DEBUG]     [scoop] skipping for helloworld distribution
[DEBUG]     [sdkman] skipping for helloworld distribution
[DEBUG]     [snap] skipping for helloworld distribution
[DEBUG]     [spec] skipping for helloworld distribution
[DEBUG]     [winget] skipping for helloworld distribution
[INFO]  Announcing release
[INFO]    [announce] Announcing is not enabled. Skipping
[INFO]  Writing output properties to out/jreleaser/output.properties
[INFO]  JReleaser succeeded after 2.180 s
